<?xml version="1.0" encoding="UTF-8"?>
<!-- Generated by org.testng.reporters.JUnitReportReporter -->
<testsuite hostname="lap_aalshi" failures="0" tests="1" name="com.AdminTest.FinancialYearTest" time="5.052" errors="0" timestamp="2024-02-06T11:49:09 IST" skipped="0">
  <testcase classname="com.AdminTest.FinancialYearTest" name="VerifyFinancialYearForm" time="5.052"/>
  <system-out/>
</testsuite> <!-- com.AdminTest.FinancialYearTest -->
