<?xml version="1.0" encoding="UTF-8"?>
<!-- Generated by org.testng.reporters.JUnitReportReporter -->
<testsuite hostname="lap_aalshi" failures="0" tests="1" name="com.TestForAccount_Masters.AccountEntityMappingTest" time="2.117" errors="0" timestamp="2024-02-07T11:58:16 IST" skipped="0">
  <testcase classname="com.TestForAccount_Masters.AccountEntityMappingTest" name="VerifyAccountEntityMappingForm" time="2.117"/>
  <system-out/>
</testsuite> <!-- com.TestForAccount_Masters.AccountEntityMappingTest -->
