<?xml version="1.0" encoding="UTF-8"?>
<!-- Generated by org.testng.reporters.JUnitReportReporter -->
<testsuite hostname="lap_aalshi" failures="0" tests="1" name="com.TestForAccountVouches.BankPaymentTest" time="5.823" errors="0" timestamp="2024-02-08T16:59:51 IST" skipped="0">
  <testcase classname="com.TestForAccountVouches.BankPaymentTest" name="VerifyBankPaymentTestForm" time="5.823"/>
  <system-out/>
</testsuite> <!-- com.TestForAccountVouches.BankPaymentTest -->
