<?xml version="1.0" encoding="UTF-8"?>
<!-- Generated by org.testng.reporters.JUnitReportReporter -->
<testsuite hostname="lap_aalshi" failures="0" tests="1" name="com.TestForAccountVouches.BankReceiptTest" time="5.825" errors="0" timestamp="2024-02-08T17:23:17 IST" skipped="0">
  <testcase classname="com.TestForAccountVouches.BankReceiptTest" name="VerifyBankPaymentTestForm" time="5.825"/>
  <system-out/>
</testsuite> <!-- com.TestForAccountVouches.BankReceiptTest -->
